Wed Sep 22 21:22:11 BRT 2021 : Apache Derby Servidor de Rede - 10.14.2.0 - (1828579) iniciado e pronto para aceitar conexões na porta 1527 em {3}
----------------------------------------------------------------
Wed Sep 22 21:22:11 BRT 2021:
 Inicializando o Derby versão The Apache Software Foundation - Apache Derby - 10.14.2.0 - (1828579): instância a816c00e-017c-1007-fbf0-00006f38849a
no diretório de banco de dados D:\Mega\Informática\Portifólio\Java\controle-estoque\controle-estoque\data\controle-estoque 

java.vendor=Oracle Corporation
java.runtime.version=1.8.0_301-b09
user.dir=C:\Program Files\Java\jdk1.8.0_301\db
os.name=Windows 10
os.arch=amd64
os.version=10.0
derby.system.home=D:\Mega\Informática\Portifólio\Java\controle-estoque\controle-estoque\data
Carregador de classe do banco de dados iniciado - derby.database.classpath=''
----------------------------------------------------------------
Wed Sep 22 21:22:13 BRT 2021:
Encerrando a instância a816c00e-017c-1007-fbf0-00006f38849a
Wed Sep 22 21:22:13 BRT 2021 Thread[DRDAConnThread_3,5,main] (DATABASE = controle-estoque), (DRDAID = {2}), Banco de dados 'controle-estoque' fechado.
----------------------------------------------------------------
Wed Sep 22 21:26:48 BRT 2021:
 Inicializando o Derby versão The Apache Software Foundation - Apache Derby - 10.14.2.0 - (1828579): instância 6ede40af-017c-1007-fbf0-00006f38849a
no diretório de banco de dados D:\Mega\Informática\Portifólio\Java\controle-estoque\controle-estoque\data\controle-estoque 

java.vendor=Oracle Corporation
java.runtime.version=1.8.0_301-b09
user.dir=C:\Program Files\Java\jdk1.8.0_301\db
os.name=Windows 10
os.arch=amd64
os.version=10.0
derby.system.home=D:\Mega\Informática\Portifólio\Java\controle-estoque\controle-estoque\data
Carregador de classe do banco de dados iniciado - derby.database.classpath=''
----------------------------------------------------------------
Wed Sep 22 23:54:03 BRT 2021: Shutting down Derby engine
